-------------------------------------------------------------------------------
Test set: runners.RegressionRunner
-------------------------------------------------------------------------------
Tests run: 3, Failures: 1, Errors: 0, Skipped: 0, Time elapsed: 18.774 s <<< FAILURE! - in runners.RegressionRunner
Login.Invalid login with empty password  Time elapsed: 5.347 s  <<< FAILURE!
org.junit.ComparisonFailure: expected:<User[Name and Password is required]> but was:<User[name and Password is Wrong!]>

